<?xml version="1.0" encoding="UTF-8"?>
<!-- Generated by org.testng.reporters.JUnitXMLReporter -->
<testsuite ignored="3" hostname="DESKTOP-4VE77P8" failures="0" tests="1" name="Default test" time="27.221" errors="0" timestamp="2022-12-28T20:53:03 IST">
  <testcase classname="com.ramee.CNC.DeliveryList" name="OpenDeliveryListAndPrint" time="21.169"/>
  <testcase classname="com.ramee.CNC.DeliveryList" name="showAll" time="0.0">
    <ignored/>
  </testcase> <!-- showAll -->
  <testcase classname="com.ramee.CNC.DeliveryList" name="searchTableByDateAndPrint" time="0.0">
    <ignored/>
  </testcase> <!-- searchTableByDateAndPrint -->
  <testcase classname="com.ramee.CNC.DeliveryList" name="login" time="0.0">
    <ignored/>
  </testcase> <!-- login -->
</testsuite> <!-- Default test -->
