<?xml version="1.0" encoding="UTF-8"?>
<testng-results ignored="3" total="4" passed="1" failed="0" skipped="0">
  <reporter-output>
  </reporter-output>
  <suite started-at="2022-12-28T20:52:36 IST" name="Default suite" finished-at="2022-12-28T20:53:03 IST" duration-ms="27221">
    <groups>
    </groups>
    <test started-at="2022-12-28T20:52:36 IST" name="Default test" finished-at="2022-12-28T20:53:03 IST" duration-ms="27221">
      <class name="com.ramee.CNC.DeliveryList">
        <test-method is-config="true" signature="lounchBrowser()[pri:0, instance:com.ramee.CNC.DeliveryList@67c33749]" started-at="2022-12-28T20:52:36 IST" name="lounchBrowser" finished-at="2022-12-28T20:52:41 IST" duration-ms="5222" status="PASS">
          <reporter-output>
          </reporter-output>
        </test-method> <!-- lounchBrowser -->
        <test-method signature="OpenDeliveryListAndPrint()[pri:0, instance:com.ramee.CNC.DeliveryList@67c33749]" started-at="2022-12-28T20:52:41 IST" name="OpenDeliveryListAndPrint" finished-at="2022-12-28T20:53:02 IST" duration-ms="21169" status="PASS">
          <reporter-output>
          </reporter-output>
        </test-method> <!-- OpenDeliveryListAndPrint -->
        <test-method is-config="true" signature="closeBrowser()[pri:0, instance:com.ramee.CNC.DeliveryList@67c33749]" started-at="2022-12-28T20:53:02 IST" name="closeBrowser" finished-at="2022-12-28T20:53:03 IST" duration-ms="757" status="PASS">
          <reporter-output>
          </reporter-output>
        </test-method> <!-- closeBrowser -->
      </class> <!-- com.ramee.CNC.DeliveryList -->
    </test> <!-- Default test -->
  </suite> <!-- Default suite -->
</testng-results>
